pintos -v -k -T 60 --qemu  --filesys-size=2 -p tests/userprog/args-none -a args-none -- -q  -f run args-none < /dev/null 2> tests/userprog/args-none.errors > tests/userprog/args-none.output
perl -I../.. ../../tests/userprog/args-none.ck tests/userprog/args-none tests/userprog/args-none.result
[32mpass tests/userprog/args-none
[0mpintos -v -k -T 60 --qemu  --filesys-size=2 -p tests/userprog/args-single -a args-single -- -q  -f run 'args-single onearg' < /dev/null 2> tests/userprog/args-single.errors > tests/userprog/args-single.output
perl -I../.. ../../tests/userprog/args-single.ck tests/userprog/args-single tests/userprog/args-single.result
[32mpass tests/userprog/args-single
[0mpintos -v -k -T 60 --qemu  --filesys-size=2 -p tests/userprog/args-multiple -a args-multiple -- -q  -f run 'args-multiple some arguments for you!' < /dev/null 2> tests/userprog/args-multiple.errors > tests/userprog/args-multiple.output
perl -I../.. ../../tests/userprog/args-multiple.ck tests/userprog/args-multiple tests/userprog/args-multiple.result
[32mpass tests/userprog/args-multiple
[0mpintos -v -k -T 60 --qemu  --filesys-size=2 -p tests/userprog/args-many -a args-many -- -q  -f run 'args-many a b c d e f g h i j k l m n o p q r s t u v' < /dev/null 2> tests/userprog/args-many.errors > tests/userprog/args-many.output
perl -I../.. ../../tests/userprog/args-many.ck tests/userprog/args-many tests/userprog/args-many.result
[32mpass tests/userprog/args-many
[0mpintos -v -k -T 60 --qemu  --filesys-size=2 -p tests/userprog/args-dbl-space -a args-dbl-space -- -q  -f run 'args-dbl-space two  spaces!' < /dev/null 2> tests/userprog/args-dbl-space.errors > tests/userprog/args-dbl-space.output
perl -I../.. ../../tests/userprog/args-dbl-space.ck tests/userprog/args-dbl-space tests/userprog/args-dbl-space.result
[32mpass tests/userprog/args-dbl-space
[0mpintos -v -k -T 60 --qemu  --filesys-size=2 -p tests/userprog/sc-bad-sp -a sc-bad-sp -- -q  -f run sc-bad-sp < /dev/null 2> tests/userprog/sc-bad-sp.errors > tests/userprog/sc-bad-sp.output
perl -I../.. ../../tests/userprog/sc-bad-sp.ck tests/userprog/sc-bad-sp tests/userprog/sc-bad-sp.result
[32mpass tests/userprog/sc-bad-sp
[0mpintos -v -k -T 60 --qemu  --filesys-size=2 -p tests/userprog/sc-bad-arg -a sc-bad-arg -- -q  -f run sc-bad-arg < /dev/null 2> tests/userprog/sc-bad-arg.errors > tests/userprog/sc-bad-arg.output
perl -I../.. ../../tests/userprog/sc-bad-arg.ck tests/userprog/sc-bad-arg tests/userprog/sc-bad-arg.result
[32mpass tests/userprog/sc-bad-arg
[0mpintos -v -k -T 60 --qemu  --filesys-size=2 -p tests/userprog/sc-boundary -a sc-boundary -- -q  -f run sc-boundary < /dev/null 2> tests/userprog/sc-boundary.errors > tests/userprog/sc-boundary.output
perl -I../.. ../../tests/userprog/sc-boundary.ck tests/userprog/sc-boundary tests/userprog/sc-boundary.result
[32mpass tests/userprog/sc-boundary
[0mpintos -v -k -T 60 --qemu  --filesys-size=2 -p tests/userprog/sc-boundary-2 -a sc-boundary-2 -- -q  -f run sc-boundary-2 < /dev/null 2> tests/userprog/sc-boundary-2.errors > tests/userprog/sc-boundary-2.output
perl -I../.. ../../tests/userprog/sc-boundary-2.ck tests/userprog/sc-boundary-2 tests/userprog/sc-boundary-2.result
[32mpass tests/userprog/sc-boundary-2
[0mpintos -v -k -T 60 --qemu  --filesys-size=2 -p tests/userprog/sc-boundary-3 -a sc-boundary-3 -- -q  -f run sc-boundary-3 < /dev/null 2> tests/userprog/sc-boundary-3.errors > tests/userprog/sc-boundary-3.output
perl -I../.. ../../tests/userprog/sc-boundary-3.ck tests/userprog/sc-boundary-3 tests/userprog/sc-boundary-3.result
[32mpass tests/userprog/sc-boundary-3
[0mpintos -v -k -T 60 --qemu  --filesys-size=2 -p tests/userprog/halt -a halt -- -q  -f run halt < /dev/null 2> tests/userprog/halt.errors > tests/userprog/halt.output
perl -I../.. ../../tests/userprog/halt.ck tests/userprog/halt tests/userprog/halt.result
[32mpass tests/userprog/halt
[0mpintos -v -k -T 60 --qemu  --filesys-size=2 -p tests/userprog/exit -a exit -- -q  -f run exit < /dev/null 2> tests/userprog/exit.errors > tests/userprog/exit.output
perl -I../.. ../../tests/userprog/exit.ck tests/userprog/exit tests/userprog/exit.result
[32mpass tests/userprog/exit
[0mpintos -v -k -T 60 --qemu  --filesys-size=2 -p tests/userprog/create-normal -a create-normal -- -q  -f run create-normal < /dev/null 2> tests/userprog/create-normal.errors > tests/userprog/create-normal.output
perl -I../.. ../../tests/userprog/create-normal.ck tests/userprog/create-normal tests/userprog/create-normal.result
[31mFAIL tests/userprog/create-normal
[0mTest output failed to match any acceptable form.

Acceptable output:
  (create-normal) begin
  (create-normal) create quux.dat
  (create-normal) end
  create-normal: exit(0)
Differences in `diff -u' format:
  (create-normal) begin
  (create-normal) create quux.dat
- (create-normal) end
- create-normal: exit(0)
pintos -v -k -T 60 --qemu  --filesys-size=2 -p tests/userprog/create-empty -a create-empty -- -q  -f run create-empty < /dev/null 2> tests/userprog/create-empty.errors > tests/userprog/create-empty.output
perl -I../.. ../../tests/userprog/create-empty.ck tests/userprog/create-empty tests/userprog/create-empty.result
[31mFAIL tests/userprog/create-empty
[0mTest output failed to match any acceptable form.

Acceptable output:
  (create-empty) begin
  create-empty: exit(-1)
Differences in `diff -u' format:
  (create-empty) begin
- create-empty: exit(-1)
Acceptable output:
  (create-empty) begin
  (create-empty) create(""): 0
  (create-empty) end
  create-empty: exit(0)
Differences in `diff -u' format:
  (create-empty) begin
- (create-empty) create(""): 0
- (create-empty) end
- create-empty: exit(0)
pintos -v -k -T 60 --qemu  --filesys-size=2 -p tests/userprog/create-null -a create-null -- -q  -f run create-null < /dev/null 2> tests/userprog/create-null.errors > tests/userprog/create-null.output
perl -I../.. ../../tests/userprog/create-null.ck tests/userprog/create-null tests/userprog/create-null.result
[32mpass tests/userprog/create-null
[0mpintos -v -k -T 60 --qemu  --filesys-size=2 -p tests/userprog/create-bad-ptr -a create-bad-ptr -- -q  -f run create-bad-ptr < /dev/null 2> tests/userprog/create-bad-ptr.errors > tests/userprog/create-bad-ptr.output
perl -I../.. ../../tests/userprog/create-bad-ptr.ck tests/userprog/create-bad-ptr tests/userprog/create-bad-ptr.result
[32mpass tests/userprog/create-bad-ptr
[0mpintos -v -k -T 60 --qemu  --filesys-size=2 -p tests/userprog/create-long -a create-long -- -q  -f run create-long < /dev/null 2> tests/userprog/create-long.errors > tests/userprog/create-long.output
perl -I../.. ../../tests/userprog/create-long.ck tests/userprog/create-long tests/userprog/create-long.result
[31mFAIL tests/userprog/create-long
[0mTest output failed to match any acceptable form.

Acceptable output:
  (create-long) begin
  (create-long) create("x..."): 0
  (create-long) end
  create-long: exit(0)
Differences in `diff -u' format:
  (create-long) begin
- (create-long) create("x..."): 0
- (create-long) end
- create-long: exit(0)
pintos -v -k -T 60 --qemu  --filesys-size=2 -p tests/userprog/create-exists -a create-exists -- -q  -f run create-exists < /dev/null 2> tests/userprog/create-exists.errors > tests/userprog/create-exists.output
perl -I../.. ../../tests/userprog/create-exists.ck tests/userprog/create-exists tests/userprog/create-exists.result
[31mFAIL tests/userprog/create-exists
[0mTest output failed to match any acceptable form.

Acceptable output:
  (create-exists) begin
  (create-exists) create quux.dat
  (create-exists) create warble.dat
  (create-exists) try to re-create quux.dat
  (create-exists) create baffle.dat
  (create-exists) try to re-create quux.dat
  (create-exists) end
  create-exists: exit(0)
Differences in `diff -u' format:
  (create-exists) begin
  (create-exists) create quux.dat
- (create-exists) create warble.dat
- (create-exists) try to re-create quux.dat
- (create-exists) create baffle.dat
- (create-exists) try to re-create quux.dat
- (create-exists) end
- create-exists: exit(0)
pintos -v -k -T 60 --qemu  --filesys-size=2 -p tests/userprog/create-bound -a create-bound -- -q  -f run create-bound < /dev/null 2> tests/userprog/create-bound.errors > tests/userprog/create-bound.output
perl -I../.. ../../tests/userprog/create-bound.ck tests/userprog/create-bound tests/userprog/create-bound.result
[31mFAIL tests/userprog/create-bound
[0mTest output failed to match any acceptable form.

Acceptable output:
  (create-bound) begin
  (create-bound) create("quux.dat"): 1
  (create-bound) end
  create-bound: exit(0)
Differences in `diff -u' format:
  (create-bound) begin
- (create-bound) create("quux.dat"): 1
- (create-bound) end
- create-bound: exit(0)
pintos -v -k -T 60 --qemu  --filesys-size=2 -p tests/userprog/open-normal -a open-normal -p ../../tests/userprog/sample.txt -a sample.txt -- -q  -f run open-normal < /dev/null 2> tests/userprog/open-normal.errors > tests/userprog/open-normal.output
perl -I../.. ../../tests/userprog/open-normal.ck tests/userprog/open-normal tests/userprog/open-normal.result
[31mFAIL tests/userprog/open-normal
[0mrun: open() returned -1: FAILED
pintos -v -k -T 60 --qemu  --filesys-size=2 -p tests/userprog/open-missing -a open-missing -- -q  -f run open-missing < /dev/null 2> tests/userprog/open-missing.errors > tests/userprog/open-missing.output
perl -I../.. ../../tests/userprog/open-missing.ck tests/userprog/open-missing tests/userprog/open-missing.result
[32mpass tests/userprog/open-missing
[0mpintos -v -k -T 60 --qemu  --filesys-size=2 -p tests/userprog/open-boundary -a open-boundary -p ../../tests/userprog/sample.txt -a sample.txt -- -q  -f run open-boundary < /dev/null 2> tests/userprog/open-boundary.errors > tests/userprog/open-boundary.output
perl -I../.. ../../tests/userprog/open-boundary.ck tests/userprog/open-boundary tests/userprog/open-boundary.result
[31mFAIL tests/userprog/open-boundary
[0mrun: open "sample.txt": FAILED
pintos -v -k -T 60 --qemu  --filesys-size=2 -p tests/userprog/open-empty -a open-empty -- -q  -f run open-empty < /dev/null 2> tests/userprog/open-empty.errors > tests/userprog/open-empty.output
perl -I../.. ../../tests/userprog/open-empty.ck tests/userprog/open-empty tests/userprog/open-empty.result
[32mpass tests/userprog/open-empty
[0mpintos -v -k -T 60 --qemu  --filesys-size=2 -p tests/userprog/open-null -a open-null -- -q  -f run open-null < /dev/null 2> tests/userprog/open-null.errors > tests/userprog/open-null.output
perl -I../.. ../../tests/userprog/open-null.ck tests/userprog/open-null tests/userprog/open-null.result
[32mpass tests/userprog/open-null
[0mpintos -v -k -T 60 --qemu  --filesys-size=2 -p tests/userprog/open-bad-ptr -a open-bad-ptr -- -q  -f run open-bad-ptr < /dev/null 2> tests/userprog/open-bad-ptr.errors > tests/userprog/open-bad-ptr.output
perl -I../.. ../../tests/userprog/open-bad-ptr.ck tests/userprog/open-bad-ptr tests/userprog/open-bad-ptr.result
[32mpass tests/userprog/open-bad-ptr
[0mpintos -v -k -T 60 --qemu  --filesys-size=2 -p tests/userprog/open-twice -a open-twice -p ../../tests/userprog/sample.txt -a sample.txt -- -q  -f run open-twice < /dev/null 2> tests/userprog/open-twice.errors > tests/userprog/open-twice.output
perl -I../.. ../../tests/userprog/open-twice.ck tests/userprog/open-twice tests/userprog/open-twice.result
[31mFAIL tests/userprog/open-twice
[0mrun: open "sample.txt" once: FAILED
pintos -v -k -T 60 --qemu  --filesys-size=2 -p tests/userprog/close-normal -a close-normal -p ../../tests/userprog/sample.txt -a sample.txt -- -q  -f run close-normal < /dev/null 2> tests/userprog/close-normal.errors > tests/userprog/close-normal.output
perl -I../.. ../../tests/userprog/close-normal.ck tests/userprog/close-normal tests/userprog/close-normal.result
[31mFAIL tests/userprog/close-normal
[0mrun: open "sample.txt": FAILED
pintos -v -k -T 60 --qemu  --filesys-size=2 -p tests/userprog/close-twice -a close-twice -p ../../tests/userprog/sample.txt -a sample.txt -- -q  -f run close-twice < /dev/null 2> tests/userprog/close-twice.errors > tests/userprog/close-twice.output
perl -I../.. ../../tests/userprog/close-twice.ck tests/userprog/close-twice tests/userprog/close-twice.result
[31mFAIL tests/userprog/close-twice
[0mrun: open "sample.txt": FAILED
pintos -v -k -T 60 --qemu  --filesys-size=2 -p tests/userprog/close-stdin -a close-stdin -- -q  -f run close-stdin < /dev/null 2> tests/userprog/close-stdin.errors > tests/userprog/close-stdin.output
perl -I../.. ../../tests/userprog/close-stdin.ck tests/userprog/close-stdin tests/userprog/close-stdin.result
[32mpass tests/userprog/close-stdin
[0mpintos -v -k -T 60 --qemu  --filesys-size=2 -p tests/userprog/close-stdout -a close-stdout -- -q  -f run close-stdout < /dev/null 2> tests/userprog/close-stdout.errors > tests/userprog/close-stdout.output
perl -I../.. ../../tests/userprog/close-stdout.ck tests/userprog/close-stdout tests/userprog/close-stdout.result
[32mpass tests/userprog/close-stdout
[0mpintos -v -k -T 60 --qemu  --filesys-size=2 -p tests/userprog/close-bad-fd -a close-bad-fd -- -q  -f run close-bad-fd < /dev/null 2> tests/userprog/close-bad-fd.errors > tests/userprog/close-bad-fd.output
perl -I../.. ../../tests/userprog/close-bad-fd.ck tests/userprog/close-bad-fd tests/userprog/close-bad-fd.result
[32mpass tests/userprog/close-bad-fd
[0mpintos -v -k -T 60 --qemu  --filesys-size=2 -p tests/userprog/read-normal -a read-normal -p ../../tests/userprog/sample.txt -a sample.txt -- -q  -f run read-normal < /dev/null 2> tests/userprog/read-normal.errors > tests/userprog/read-normal.output
perl -I../.. ../../tests/userprog/read-normal.ck tests/userprog/read-normal tests/userprog/read-normal.result
[31mFAIL tests/userprog/read-normal
[0mrun: open "sample.txt" for verification: FAILED
pintos -v -k -T 60 --qemu  --filesys-size=2 -p tests/userprog/read-bad-ptr -a read-bad-ptr -p ../../tests/userprog/sample.txt -a sample.txt -- -q  -f run read-bad-ptr < /dev/null 2> tests/userprog/read-bad-ptr.errors > tests/userprog/read-bad-ptr.output
perl -I../.. ../../tests/userprog/read-bad-ptr.ck tests/userprog/read-bad-ptr tests/userprog/read-bad-ptr.result
[31mFAIL tests/userprog/read-bad-ptr
[0mrun: open "sample.txt": FAILED
pintos -v -k -T 60 --qemu  --filesys-size=2 -p tests/userprog/read-boundary -a read-boundary -p ../../tests/userprog/sample.txt -a sample.txt -- -q  -f run read-boundary < /dev/null 2> tests/userprog/read-boundary.errors > tests/userprog/read-boundary.output
perl -I../.. ../../tests/userprog/read-boundary.ck tests/userprog/read-boundary tests/userprog/read-boundary.result
[31mFAIL tests/userprog/read-boundary
[0mrun: open "sample.txt": FAILED
pintos -v -k -T 60 --qemu  --filesys-size=2 -p tests/userprog/read-zero -a read-zero -p ../../tests/userprog/sample.txt -a sample.txt -- -q  -f run read-zero < /dev/null 2> tests/userprog/read-zero.errors > tests/userprog/read-zero.output
perl -I../.. ../../tests/userprog/read-zero.ck tests/userprog/read-zero tests/userprog/read-zero.result
[31mFAIL tests/userprog/read-zero
[0mrun: open "sample.txt": FAILED
pintos -v -k -T 60 --qemu  --filesys-size=2 -p tests/userprog/read-stdout -a read-stdout -- -q  -f run read-stdout < /dev/null 2> tests/userprog/read-stdout.errors > tests/userprog/read-stdout.output
perl -I../.. ../../tests/userprog/read-stdout.ck tests/userprog/read-stdout tests/userprog/read-stdout.result
[32mpass tests/userprog/read-stdout
[0mpintos -v -k -T 60 --qemu  --filesys-size=2 -p tests/userprog/read-bad-fd -a read-bad-fd -- -q  -f run read-bad-fd < /dev/null 2> tests/userprog/read-bad-fd.errors > tests/userprog/read-bad-fd.output
perl -I../.. ../../tests/userprog/read-bad-fd.ck tests/userprog/read-bad-fd tests/userprog/read-bad-fd.result
[32mpass tests/userprog/read-bad-fd
[0mpintos -v -k -T 60 --qemu  --filesys-size=2 -p tests/userprog/write-normal -a write-normal -p ../../tests/userprog/sample.txt -a sample.txt -- -q  -f run write-normal < /dev/null 2> tests/userprog/write-normal.errors > tests/userprog/write-normal.output
perl -I../.. ../../tests/userprog/write-normal.ck tests/userprog/write-normal tests/userprog/write-normal.result
[31mFAIL tests/userprog/write-normal
[0mTest output failed to match any acceptable form.

Acceptable output:
  (write-normal) begin
  (write-normal) create "test.txt"
  (write-normal) open "test.txt"
  (write-normal) end
  write-normal: exit(0)
Differences in `diff -u' format:
  (write-normal) begin
  (write-normal) create "test.txt"
- (write-normal) open "test.txt"
- (write-normal) end
- write-normal: exit(0)
pintos -v -k -T 60 --qemu  --filesys-size=2 -p tests/userprog/write-bad-ptr -a write-bad-ptr -p ../../tests/userprog/sample.txt -a sample.txt -- -q  -f run write-bad-ptr < /dev/null 2> tests/userprog/write-bad-ptr.errors > tests/userprog/write-bad-ptr.output
perl -I../.. ../../tests/userprog/write-bad-ptr.ck tests/userprog/write-bad-ptr tests/userprog/write-bad-ptr.result
[31mFAIL tests/userprog/write-bad-ptr
[0mrun: open "sample.txt": FAILED
pintos -v -k -T 60 --qemu  --filesys-size=2 -p tests/userprog/write-boundary -a write-boundary -p ../../tests/userprog/sample.txt -a sample.txt -- -q  -f run write-boundary < /dev/null 2> tests/userprog/write-boundary.errors > tests/userprog/write-boundary.output
perl -I../.. ../../tests/userprog/write-boundary.ck tests/userprog/write-boundary tests/userprog/write-boundary.result
[31mFAIL tests/userprog/write-boundary
[0mrun: open "sample.txt": FAILED
pintos -v -k -T 60 --qemu  --filesys-size=2 -p tests/userprog/write-zero -a write-zero -p ../../tests/userprog/sample.txt -a sample.txt -- -q  -f run write-zero < /dev/null 2> tests/userprog/write-zero.errors > tests/userprog/write-zero.output
perl -I../.. ../../tests/userprog/write-zero.ck tests/userprog/write-zero tests/userprog/write-zero.result
[31mFAIL tests/userprog/write-zero
[0mrun: open "sample.txt": FAILED
pintos -v -k -T 60 --qemu  --filesys-size=2 -p tests/userprog/write-stdin -a write-stdin -- -q  -f run write-stdin < /dev/null 2> tests/userprog/write-stdin.errors > tests/userprog/write-stdin.output
perl -I../.. ../../tests/userprog/write-stdin.ck tests/userprog/write-stdin tests/userprog/write-stdin.result
[32mpass tests/userprog/write-stdin
[0mpintos -v -k -T 60 --qemu  --filesys-size=2 -p tests/userprog/write-bad-fd -a write-bad-fd -- -q  -f run write-bad-fd < /dev/null 2> tests/userprog/write-bad-fd.errors > tests/userprog/write-bad-fd.output
perl -I../.. ../../tests/userprog/write-bad-fd.ck tests/userprog/write-bad-fd tests/userprog/write-bad-fd.result
[32mpass tests/userprog/write-bad-fd
[0mpintos -v -k -T 60 --qemu  --filesys-size=2 -p tests/userprog/exec-once -a exec-once -p tests/userprog/child-simple -a child-simple -- -q  -f run exec-once < /dev/null 2> tests/userprog/exec-once.errors > tests/userprog/exec-once.output
perl -I../.. ../../tests/userprog/exec-once.ck tests/userprog/exec-once tests/userprog/exec-once.result
[31mFAIL tests/userprog/exec-once
[0mTest output failed to match any acceptable form.

Acceptable output:
  (exec-once) begin
  (child-simple) run
  child-simple: exit(81)
  (exec-once) end
  exec-once: exit(0)
Differences in `diff -u' format:
  (exec-once) begin
- (child-simple) run
- child-simple: exit(81)
- (exec-once) end
- exec-once: exit(0)
+ exec-once: exit(-1)
pintos -v -k -T 60 --qemu  --filesys-size=2 -p tests/userprog/exec-arg -a exec-arg -p tests/userprog/child-args -a child-args -- -q  -f run exec-arg < /dev/null 2> tests/userprog/exec-arg.errors > tests/userprog/exec-arg.output
perl -I../.. ../../tests/userprog/exec-arg.ck tests/userprog/exec-arg tests/userprog/exec-arg.result
[31mFAIL tests/userprog/exec-arg
[0mTest output failed to match any acceptable form.

Acceptable output:
  (exec-arg) begin
  (args) begin
  (args) argc = 2
  (args) argv[0] = 'child-args'
  (args) argv[1] = 'childarg'
  (args) argv[2] = null
  (args) end
  child-args: exit(0)
  (exec-arg) end
  exec-arg: exit(0)
Differences in `diff -u' format:
  (exec-arg) begin
- (args) begin
- (args) argc = 2
- (args) argv[0] = 'child-args'
- (args) argv[1] = 'childarg'
- (args) argv[2] = null
- (args) end
- child-args: exit(0)
- (exec-arg) end
- exec-arg: exit(0)
+ exec-arg: exit(-1)
pintos -v -k -T 60 --qemu  --filesys-size=2 -p tests/userprog/exec-bound -a exec-bound -p tests/userprog/child-args -a child-args -- -q  -f run exec-bound < /dev/null 2> tests/userprog/exec-bound.errors > tests/userprog/exec-bound.output
perl -I../.. ../../tests/userprog/exec-bound.ck tests/userprog/exec-bound tests/userprog/exec-bound.result
[31mFAIL tests/userprog/exec-bound
[0mTest output failed to match any acceptable form.

Acceptable output:
  (exec-bound) begin
  (args) begin
  (args) argc = 3
  (args) argv[0] = 'child-args'
  (args) argv[1] = 'arg1'
  (args) argv[2] = 'arg2'
  (args) argv[3] = null
  (args) end
  child-args: exit(0)
  (exec-bound) end
  exec-bound: exit(0)
Differences in `diff -u' format:
  (exec-bound) begin
- (args) begin
- (args) argc = 3
- (args) argv[0] = 'child-args'
- (args) argv[1] = 'arg1'
- (args) argv[2] = 'arg2'
- (args) argv[3] = null
- (args) end
- child-args: exit(0)
- (exec-bound) end
- exec-bound: exit(0)
+ exec-bound: exit(-1)
pintos -v -k -T 60 --qemu  --filesys-size=2 -p tests/userprog/exec-bound-2 -a exec-bound-2 -- -q  -f run exec-bound-2 < /dev/null 2> tests/userprog/exec-bound-2.errors > tests/userprog/exec-bound-2.output
perl -I../.. ../../tests/userprog/exec-bound-2.ck tests/userprog/exec-bound-2 tests/userprog/exec-bound-2.result
[32mpass tests/userprog/exec-bound-2
[0mpintos -v -k -T 60 --qemu  --filesys-size=2 -p tests/userprog/exec-bound-3 -a exec-bound-3 -- -q  -f run exec-bound-3 < /dev/null 2> tests/userprog/exec-bound-3.errors > tests/userprog/exec-bound-3.output
perl -I../.. ../../tests/userprog/exec-bound-3.ck tests/userprog/exec-bound-3 tests/userprog/exec-bound-3.result
[32mpass tests/userprog/exec-bound-3
[0mpintos -v -k -T 60 --qemu  --filesys-size=2 -p tests/userprog/exec-multiple -a exec-multiple -p tests/userprog/child-simple -a child-simple -- -q  -f run exec-multiple < /dev/null 2> tests/userprog/exec-multiple.errors > tests/userprog/exec-multiple.output
perl -I../.. ../../tests/userprog/exec-multiple.ck tests/userprog/exec-multiple tests/userprog/exec-multiple.result
[31mFAIL tests/userprog/exec-multiple
[0mTest output failed to match any acceptable form.

Acceptable output:
  (exec-multiple) begin
  (child-simple) run
  child-simple: exit(81)
  (child-simple) run
  child-simple: exit(81)
  (child-simple) run
  child-simple: exit(81)
  (child-simple) run
  child-simple: exit(81)
  (exec-multiple) end
  exec-multiple: exit(0)
Differences in `diff -u' format:
  (exec-multiple) begin
- (child-simple) run
- child-simple: exit(81)
- (child-simple) run
- child-simple: exit(81)
- (child-simple) run
- child-simple: exit(81)
- (child-simple) run
- child-simple: exit(81)
- (exec-multiple) end
- exec-multiple: exit(0)
+ exec-multiple: exit(-1)
pintos -v -k -T 60 --qemu  --filesys-size=2 -p tests/userprog/exec-missing -a exec-missing -- -q  -f run exec-missing < /dev/null 2> tests/userprog/exec-missing.errors > tests/userprog/exec-missing.output
perl -I../.. ../../tests/userprog/exec-missing.ck tests/userprog/exec-missing tests/userprog/exec-missing.result
[31mFAIL tests/userprog/exec-missing
[0mTest output failed to match any acceptable form.

Acceptable output:
  (exec-missing) begin
  (exec-missing) exec("no-such-file"): -1
  (exec-missing) end
  exec-missing: exit(0)
Differences in `diff -u' format:
  (exec-missing) begin
- (exec-missing) exec("no-such-file"): -1
- (exec-missing) end
- exec-missing: exit(0)
+ exec-missing: exit(-1)
Acceptable output:
  (exec-missing) begin
  load: no-such-file: open failed
  no-such-file: exit(-1)
  (exec-missing) exec("no-such-file"): -1
  (exec-missing) end
  exec-missing: exit(0)
Differences in `diff -u' format:
  (exec-missing) begin
- load: no-such-file: open failed
- no-such-file: exit(-1)
- (exec-missing) exec("no-such-file"): -1
- (exec-missing) end
- exec-missing: exit(0)
+ exec-missing: exit(-1)
Acceptable output:
  (exec-missing) begin
  load: no-such-file: open failed
  (exec-missing) exec("no-such-file"): -1
  no-such-file: exit(-1)
  (exec-missing) end
  exec-missing: exit(0)
Differences in `diff -u' format:
  (exec-missing) begin
- load: no-such-file: open failed
- (exec-missing) exec("no-such-file"): -1
- no-such-file: exit(-1)
- (exec-missing) end
- exec-missing: exit(0)
+ exec-missing: exit(-1)
Acceptable output:
  (exec-missing) begin
  load: no-such-file: open failed
  (exec-missing) exec("no-such-file"): -1
  (exec-missing) end
  exec-missing: exit(0)
Differences in `diff -u' format:
  (exec-missing) begin
- load: no-such-file: open failed
- (exec-missing) exec("no-such-file"): -1
- (exec-missing) end
- exec-missing: exit(0)
+ exec-missing: exit(-1)
pintos -v -k -T 60 --qemu  --filesys-size=2 -p tests/userprog/exec-bad-ptr -a exec-bad-ptr -- -q  -f run exec-bad-ptr < /dev/null 2> tests/userprog/exec-bad-ptr.errors > tests/userprog/exec-bad-ptr.output
perl -I../.. ../../tests/userprog/exec-bad-ptr.ck tests/userprog/exec-bad-ptr tests/userprog/exec-bad-ptr.result
[32mpass tests/userprog/exec-bad-ptr
[0mpintos -v -k -T 60 --qemu  --filesys-size=2 -p tests/userprog/wait-simple -a wait-simple -p tests/userprog/child-simple -a child-simple -- -q  -f run wait-simple < /dev/null 2> tests/userprog/wait-simple.errors > tests/userprog/wait-simple.output
perl -I../.. ../../tests/userprog/wait-simple.ck tests/userprog/wait-simple tests/userprog/wait-simple.result
[31mFAIL tests/userprog/wait-simple
[0mTest output failed to match any acceptable form.

Acceptable output:
  (wait-simple) begin
  (child-simple) run
  child-simple: exit(81)
  (wait-simple) wait(exec()) = 81
  (wait-simple) end
  wait-simple: exit(0)
Differences in `diff -u' format:
  (wait-simple) begin
- (child-simple) run
- child-simple: exit(81)
- (wait-simple) wait(exec()) = 81
- (wait-simple) end
- wait-simple: exit(0)
+ wait-simple: exit(-1)
pintos -v -k -T 60 --qemu  --filesys-size=2 -p tests/userprog/wait-twice -a wait-twice -p tests/userprog/child-simple -a child-simple -- -q  -f run wait-twice < /dev/null 2> tests/userprog/wait-twice.errors > tests/userprog/wait-twice.output
perl -I../.. ../../tests/userprog/wait-twice.ck tests/userprog/wait-twice tests/userprog/wait-twice.result
[31mFAIL tests/userprog/wait-twice
[0mTest output failed to match any acceptable form.

Acceptable output:
  (wait-twice) begin
  (child-simple) run
  child-simple: exit(81)
  (wait-twice) wait(exec()) = 81
  (wait-twice) wait(exec()) = -1
  (wait-twice) end
  wait-twice: exit(0)
Differences in `diff -u' format:
  (wait-twice) begin
- (child-simple) run
- child-simple: exit(81)
- (wait-twice) wait(exec()) = 81
- (wait-twice) wait(exec()) = -1
- (wait-twice) end
- wait-twice: exit(0)
+ wait-twice: exit(-1)
pintos -v -k -T 60 --qemu  --filesys-size=2 -p tests/userprog/wait-killed -a wait-killed -p tests/userprog/child-bad -a child-bad -- -q  -f run wait-killed < /dev/null 2> tests/userprog/wait-killed.errors > tests/userprog/wait-killed.output
perl -I../.. ../../tests/userprog/wait-killed.ck tests/userprog/wait-killed tests/userprog/wait-killed.result
[31mFAIL tests/userprog/wait-killed
[0mTest output failed to match any acceptable form.

Acceptable output:
  (wait-killed) begin
  (child-bad) begin
  child-bad: exit(-1)
  (wait-killed) wait(exec()) = -1
  (wait-killed) end
  wait-killed: exit(0)
Differences in `diff -u' format:
  (wait-killed) begin
- (child-bad) begin
- child-bad: exit(-1)
- (wait-killed) wait(exec()) = -1
- (wait-killed) end
- wait-killed: exit(0)
+ wait-killed: exit(-1)
pintos -v -k -T 60 --qemu  --filesys-size=2 -p tests/userprog/wait-bad-pid -a wait-bad-pid -- -q  -f run wait-bad-pid < /dev/null 2> tests/userprog/wait-bad-pid.errors > tests/userprog/wait-bad-pid.output
perl -I../.. ../../tests/userprog/wait-bad-pid.ck tests/userprog/wait-bad-pid tests/userprog/wait-bad-pid.result
[32mpass tests/userprog/wait-bad-pid
[0mpintos -v -k -T 60 --qemu  --filesys-size=2 -p tests/userprog/multi-recurse -a multi-recurse -- -q  -f run 'multi-recurse 15' < /dev/null 2> tests/userprog/multi-recurse.errors > tests/userprog/multi-recurse.output
perl -I../.. ../../tests/userprog/multi-recurse.ck tests/userprog/multi-recurse tests/userprog/multi-recurse.result
[31mFAIL tests/userprog/multi-recurse
[0mTest output failed to match any acceptable form.

Acceptable output:
  (multi-recurse) begin 15
  (multi-recurse) exec("multi-recurse 14")
  (multi-recurse) begin 14
  (multi-recurse) exec("multi-recurse 13")
  (multi-recurse) begin 13
  (multi-recurse) exec("multi-recurse 12")
  (multi-recurse) begin 12
  (multi-recurse) exec("multi-recurse 11")
  (multi-recurse) begin 11
  (multi-recurse) exec("multi-recurse 10")
  (multi-recurse) begin 10
  (multi-recurse) exec("multi-recurse 9")
  (multi-recurse) begin 9
  (multi-recurse) exec("multi-recurse 8")
  (multi-recurse) begin 8
  (multi-recurse) exec("multi-recurse 7")
  (multi-recurse) begin 7
  (multi-recurse) exec("multi-recurse 6")
  (multi-recurse) begin 6
  (multi-recurse) exec("multi-recurse 5")
  (multi-recurse) begin 5
  (multi-recurse) exec("multi-recurse 4")
  (multi-recurse) begin 4
  (multi-recurse) exec("multi-recurse 3")
  (multi-recurse) begin 3
  (multi-recurse) exec("multi-recurse 2")
  (multi-recurse) begin 2
  (multi-recurse) exec("multi-recurse 1")
  (multi-recurse) begin 1
  (multi-recurse) exec("multi-recurse 0")
  (multi-recurse) begin 0
  (multi-recurse) end 0
  multi-recurse: exit(0)
  (multi-recurse) end 1
  multi-recurse: exit(1)
  (multi-recurse) end 2
  multi-recurse: exit(2)
  (multi-recurse) end 3
  multi-recurse: exit(3)
  (multi-recurse) end 4
  multi-recurse: exit(4)
  (multi-recurse) end 5
  multi-recurse: exit(5)
  (multi-recurse) end 6
  multi-recurse: exit(6)
  (multi-recurse) end 7
  multi-recurse: exit(7)
  (multi-recurse) end 8
  multi-recurse: exit(8)
  (multi-recurse) end 9
  multi-recurse: exit(9)
  (multi-recurse) end 10
  multi-recurse: exit(10)
  (multi-recurse) end 11
  multi-recurse: exit(11)
  (multi-recurse) end 12
  multi-recurse: exit(12)
  (multi-recurse) end 13
  multi-recurse: exit(13)
  (multi-recurse) end 14
  multi-recurse: exit(14)
  (multi-recurse) end 15
  multi-recurse: exit(15)
Differences in `diff -u' format:
  (multi-recurse) begin 15
  (multi-recurse) exec("multi-recurse 14")
- (multi-recurse) begin 14
- (multi-recurse) exec("multi-recurse 13")
- (multi-recurse) begin 13
- (multi-recurse) exec("multi-recurse 12")
- (multi-recurse) begin 12
- (multi-recurse) exec("multi-recurse 11")
- (multi-recurse) begin 11
- (multi-recurse) exec("multi-recurse 10")
- (multi-recurse) begin 10
- (multi-recurse) exec("multi-recurse 9")
- (multi-recurse) begin 9
- (multi-recurse) exec("multi-recurse 8")
- (multi-recurse) begin 8
- (multi-recurse) exec("multi-recurse 7")
- (multi-recurse) begin 7
- (multi-recurse) exec("multi-recurse 6")
- (multi-recurse) begin 6
- (multi-recurse) exec("multi-recurse 5")
- (multi-recurse) begin 5
- (multi-recurse) exec("multi-recurse 4")
- (multi-recurse) begin 4
- (multi-recurse) exec("multi-recurse 3")
- (multi-recurse) begin 3
- (multi-recurse) exec("multi-recurse 2")
- (multi-recurse) begin 2
- (multi-recurse) exec("multi-recurse 1")
- (multi-recurse) begin 1
- (multi-recurse) exec("multi-recurse 0")
- (multi-recurse) begin 0
- (multi-recurse) end 0
- multi-recurse: exit(0)
- (multi-recurse) end 1
- multi-recurse: exit(1)
- (multi-recurse) end 2
- multi-recurse: exit(2)
- (multi-recurse) end 3
- multi-recurse: exit(3)
- (multi-recurse) end 4
- multi-recurse: exit(4)
- (multi-recurse) end 5
- multi-recurse: exit(5)
- (multi-recurse) end 6
- multi-recurse: exit(6)
- (multi-recurse) end 7
- multi-recurse: exit(7)
- (multi-recurse) end 8
- multi-recurse: exit(8)
- (multi-recurse) end 9
- multi-recurse: exit(9)
- (multi-recurse) end 10
- multi-recurse: exit(10)
- (multi-recurse) end 11
- multi-recurse: exit(11)
- (multi-recurse) end 12
- multi-recurse: exit(12)
- (multi-recurse) end 13
- multi-recurse: exit(13)
- (multi-recurse) end 14
- multi-recurse: exit(14)
- (multi-recurse) end 15
- multi-recurse: exit(15)
+ multi-recurse: exit(-1)
pintos -v -k -T 60 --qemu  --filesys-size=2 -p tests/userprog/multi-child-fd -a multi-child-fd -p ../../tests/userprog/sample.txt -a sample.txt -p tests/userprog/child-close -a child-close -- -q  -f run multi-child-fd < /dev/null 2> tests/userprog/multi-child-fd.errors > tests/userprog/multi-child-fd.output
perl -I../.. ../../tests/userprog/multi-child-fd.ck tests/userprog/multi-child-fd tests/userprog/multi-child-fd.result
[31mFAIL tests/userprog/multi-child-fd
[0mrun: open "sample.txt": FAILED
pintos -v -k -T 60 --qemu  --filesys-size=2 -p tests/userprog/rox-simple -a rox-simple -- -q  -f run rox-simple < /dev/null 2> tests/userprog/rox-simple.errors > tests/userprog/rox-simple.output
perl -I../.. ../../tests/userprog/rox-simple.ck tests/userprog/rox-simple tests/userprog/rox-simple.result
[31mFAIL tests/userprog/rox-simple
[0mrun: open "rox-simple": FAILED
pintos -v -k -T 60 --qemu  --filesys-size=2 -p tests/userprog/rox-child -a rox-child -p tests/userprog/child-rox -a child-rox -- -q  -f run rox-child < /dev/null 2> tests/userprog/rox-child.errors > tests/userprog/rox-child.output
perl -I../.. ../../tests/userprog/rox-child.ck tests/userprog/rox-child tests/userprog/rox-child.result
[31mFAIL tests/userprog/rox-child
[0mrun: open "child-rox": FAILED
pintos -v -k -T 60 --qemu  --filesys-size=2 -p tests/userprog/rox-multichild -a rox-multichild -p tests/userprog/child-rox -a child-rox -- -q  -f run rox-multichild < /dev/null 2> tests/userprog/rox-multichild.errors > tests/userprog/rox-multichild.output
perl -I../.. ../../tests/userprog/rox-multichild.ck tests/userprog/rox-multichild tests/userprog/rox-multichild.result
[31mFAIL tests/userprog/rox-multichild
[0mrun: open "child-rox": FAILED
pintos -v -k -T 60 --qemu  --filesys-size=2 -p tests/userprog/bad-read -a bad-read -- -q  -f run bad-read < /dev/null 2> tests/userprog/bad-read.errors > tests/userprog/bad-read.output
perl -I../.. ../../tests/userprog/bad-read.ck tests/userprog/bad-read tests/userprog/bad-read.result
[32mpass tests/userprog/bad-read
[0mpintos -v -k -T 60 --qemu  --filesys-size=2 -p tests/userprog/bad-write -a bad-write -- -q  -f run bad-write < /dev/null 2> tests/userprog/bad-write.errors > tests/userprog/bad-write.output
perl -I../.. ../../tests/userprog/bad-write.ck tests/userprog/bad-write tests/userprog/bad-write.result
[32mpass tests/userprog/bad-write
[0mpintos -v -k -T 60 --qemu  --filesys-size=2 -p tests/userprog/bad-read2 -a bad-read2 -- -q  -f run bad-read2 < /dev/null 2> tests/userprog/bad-read2.errors > tests/userprog/bad-read2.output
perl -I../.. ../../tests/userprog/bad-read2.ck tests/userprog/bad-read2 tests/userprog/bad-read2.result
[32mpass tests/userprog/bad-read2
[0mpintos -v -k -T 60 --qemu  --filesys-size=2 -p tests/userprog/bad-write2 -a bad-write2 -- -q  -f run bad-write2 < /dev/null 2> tests/userprog/bad-write2.errors > tests/userprog/bad-write2.output
perl -I../.. ../../tests/userprog/bad-write2.ck tests/userprog/bad-write2 tests/userprog/bad-write2.result
[32mpass tests/userprog/bad-write2
[0mpintos -v -k -T 60 --qemu  --filesys-size=2 -p tests/userprog/bad-jump -a bad-jump -- -q  -f run bad-jump < /dev/null 2> tests/userprog/bad-jump.errors > tests/userprog/bad-jump.output
perl -I../.. ../../tests/userprog/bad-jump.ck tests/userprog/bad-jump tests/userprog/bad-jump.result
[32mpass tests/userprog/bad-jump
[0mpintos -v -k -T 60 --qemu  --filesys-size=2 -p tests/userprog/bad-jump2 -a bad-jump2 -- -q  -f run bad-jump2 < /dev/null 2> tests/userprog/bad-jump2.errors > tests/userprog/bad-jump2.output
perl -I../.. ../../tests/userprog/bad-jump2.ck tests/userprog/bad-jump2 tests/userprog/bad-jump2.result
[32mpass tests/userprog/bad-jump2
[0mpintos -v -k -T 360 --qemu  --filesys-size=2 -p tests/userprog/no-vm/multi-oom -a multi-oom -- -q  -f run multi-oom < /dev/null 2> tests/userprog/no-vm/multi-oom.errors > tests/userprog/no-vm/multi-oom.output
perl -I../.. ../../tests/userprog/no-vm/multi-oom.ck tests/userprog/no-vm/multi-oom tests/userprog/no-vm/multi-oom.result
[31mFAIL tests/userprog/no-vm/multi-oom
[0mTest output failed to match any acceptable form.

Acceptable output:
  (multi-oom) begin
  (multi-oom) success. program forked 10 times.
  (multi-oom) end
Differences in `diff -u' format:
  (multi-oom) begin
- (multi-oom) success. program forked 10 times.
- (multi-oom) end

(Process exit codes are excluded for matching purposes.)

(User fault messages are excluded for matching purposes.)
pintos -v -k -T 60 --qemu  --filesys-size=2 -p tests/filesys/base/lg-create -a lg-create -- -q  -f run lg-create < /dev/null 2> tests/filesys/base/lg-create.errors > tests/filesys/base/lg-create.output
perl -I../.. ../../tests/filesys/base/lg-create.ck tests/filesys/base/lg-create tests/filesys/base/lg-create.result
[31mFAIL tests/filesys/base/lg-create
[0mTest output failed to match any acceptable form.

Acceptable output:
  (lg-create) begin
  (lg-create) create "blargle"
  (lg-create) open "blargle" for verification
  (lg-create) verified contents of "blargle"
  (lg-create) close "blargle"
  (lg-create) end
Differences in `diff -u' format:
  (lg-create) begin
  (lg-create) create "blargle"
- (lg-create) open "blargle" for verification
- (lg-create) verified contents of "blargle"
- (lg-create) close "blargle"
- (lg-create) end

(Process exit codes are excluded for matching purposes.)
pintos -v -k -T 60 --qemu  --filesys-size=2 -p tests/filesys/base/lg-full -a lg-full -- -q  -f run lg-full < /dev/null 2> tests/filesys/base/lg-full.errors > tests/filesys/base/lg-full.output
perl -I../.. ../../tests/filesys/base/lg-full.ck tests/filesys/base/lg-full tests/filesys/base/lg-full.result
[31mFAIL tests/filesys/base/lg-full
[0mTest output failed to match any acceptable form.

Acceptable output:
  (lg-full) begin
  (lg-full) create "quux"
  (lg-full) open "quux"
  (lg-full) writing "quux"
  (lg-full) close "quux"
  (lg-full) open "quux" for verification
  (lg-full) verified contents of "quux"
  (lg-full) close "quux"
  (lg-full) end
Differences in `diff -u' format:
  (lg-full) begin
  (lg-full) create "quux"
- (lg-full) open "quux"
- (lg-full) writing "quux"
- (lg-full) close "quux"
- (lg-full) open "quux" for verification
- (lg-full) verified contents of "quux"
- (lg-full) close "quux"
- (lg-full) end

(Process exit codes are excluded for matching purposes.)
pintos -v -k -T 60 --qemu  --filesys-size=2 -p tests/filesys/base/lg-random -a lg-random -- -q  -f run lg-random < /dev/null 2> tests/filesys/base/lg-random.errors > tests/filesys/base/lg-random.output
perl -I../.. ../../tests/filesys/base/lg-random.ck tests/filesys/base/lg-random tests/filesys/base/lg-random.result
[31mFAIL tests/filesys/base/lg-random
[0mTest output failed to match any acceptable form.

Acceptable output:
  (lg-random) begin
  (lg-random) create "bazzle"
  (lg-random) open "bazzle"
  (lg-random) write "bazzle" in random order
  (lg-random) read "bazzle" in random order
  (lg-random) close "bazzle"
  (lg-random) end
Differences in `diff -u' format:
  (lg-random) begin
  (lg-random) create "bazzle"
- (lg-random) open "bazzle"
- (lg-random) write "bazzle" in random order
- (lg-random) read "bazzle" in random order
- (lg-random) close "bazzle"
- (lg-random) end

(Process exit codes are excluded for matching purposes.)
pintos -v -k -T 60 --qemu  --filesys-size=2 -p tests/filesys/base/lg-seq-block -a lg-seq-block -- -q  -f run lg-seq-block < /dev/null 2> tests/filesys/base/lg-seq-block.errors > tests/filesys/base/lg-seq-block.output
perl -I../.. ../../tests/filesys/base/lg-seq-block.ck tests/filesys/base/lg-seq-block tests/filesys/base/lg-seq-block.result
[31mFAIL tests/filesys/base/lg-seq-block
[0mTest output failed to match any acceptable form.

Acceptable output:
  (lg-seq-block) begin
  (lg-seq-block) create "noodle"
  (lg-seq-block) open "noodle"
  (lg-seq-block) writing "noodle"
  (lg-seq-block) close "noodle"
  (lg-seq-block) open "noodle" for verification
  (lg-seq-block) verified contents of "noodle"
  (lg-seq-block) close "noodle"
  (lg-seq-block) end
Differences in `diff -u' format:
  (lg-seq-block) begin
  (lg-seq-block) create "noodle"
- (lg-seq-block) open "noodle"
- (lg-seq-block) writing "noodle"
- (lg-seq-block) close "noodle"
- (lg-seq-block) open "noodle" for verification
- (lg-seq-block) verified contents of "noodle"
- (lg-seq-block) close "noodle"
- (lg-seq-block) end

(Process exit codes are excluded for matching purposes.)
pintos -v -k -T 60 --qemu  --filesys-size=2 -p tests/filesys/base/lg-seq-random -a lg-seq-random -- -q  -f run lg-seq-random < /dev/null 2> tests/filesys/base/lg-seq-random.errors > tests/filesys/base/lg-seq-random.output
perl -I../.. ../../tests/filesys/base/lg-seq-random.ck tests/filesys/base/lg-seq-random tests/filesys/base/lg-seq-random.result
[31mFAIL tests/filesys/base/lg-seq-random
[0mTest output failed to match any acceptable form.

Acceptable output:
  (lg-seq-random) begin
  (lg-seq-random) create "nibble"
  (lg-seq-random) open "nibble"
  (lg-seq-random) writing "nibble"
  (lg-seq-random) close "nibble"
  (lg-seq-random) open "nibble" for verification
  (lg-seq-random) verified contents of "nibble"
  (lg-seq-random) close "nibble"
  (lg-seq-random) end
Differences in `diff -u' format:
  (lg-seq-random) begin
  (lg-seq-random) create "nibble"
- (lg-seq-random) open "nibble"
- (lg-seq-random) writing "nibble"
- (lg-seq-random) close "nibble"
- (lg-seq-random) open "nibble" for verification
- (lg-seq-random) verified contents of "nibble"
- (lg-seq-random) close "nibble"
- (lg-seq-random) end

(Process exit codes are excluded for matching purposes.)
pintos -v -k -T 60 --qemu  --filesys-size=2 -p tests/filesys/base/sm-create -a sm-create -- -q  -f run sm-create < /dev/null 2> tests/filesys/base/sm-create.errors > tests/filesys/base/sm-create.output
perl -I../.. ../../tests/filesys/base/sm-create.ck tests/filesys/base/sm-create tests/filesys/base/sm-create.result
[31mFAIL tests/filesys/base/sm-create
[0mTest output failed to match any acceptable form.

Acceptable output:
  (sm-create) begin
  (sm-create) create "blargle"
  (sm-create) open "blargle" for verification
  (sm-create) verified contents of "blargle"
  (sm-create) close "blargle"
  (sm-create) end
Differences in `diff -u' format:
  (sm-create) begin
  (sm-create) create "blargle"
- (sm-create) open "blargle" for verification
- (sm-create) verified contents of "blargle"
- (sm-create) close "blargle"
- (sm-create) end

(Process exit codes are excluded for matching purposes.)
pintos -v -k -T 60 --qemu  --filesys-size=2 -p tests/filesys/base/sm-full -a sm-full -- -q  -f run sm-full < /dev/null 2> tests/filesys/base/sm-full.errors > tests/filesys/base/sm-full.output
perl -I../.. ../../tests/filesys/base/sm-full.ck tests/filesys/base/sm-full tests/filesys/base/sm-full.result
[31mFAIL tests/filesys/base/sm-full
[0mTest output failed to match any acceptable form.

Acceptable output:
  (sm-full) begin
  (sm-full) create "quux"
  (sm-full) open "quux"
  (sm-full) writing "quux"
  (sm-full) close "quux"
  (sm-full) open "quux" for verification
  (sm-full) verified contents of "quux"
  (sm-full) close "quux"
  (sm-full) end
Differences in `diff -u' format:
  (sm-full) begin
  (sm-full) create "quux"
- (sm-full) open "quux"
- (sm-full) writing "quux"
- (sm-full) close "quux"
- (sm-full) open "quux" for verification
- (sm-full) verified contents of "quux"
- (sm-full) close "quux"
- (sm-full) end

(Process exit codes are excluded for matching purposes.)
pintos -v -k -T 60 --qemu  --filesys-size=2 -p tests/filesys/base/sm-random -a sm-random -- -q  -f run sm-random < /dev/null 2> tests/filesys/base/sm-random.errors > tests/filesys/base/sm-random.output
perl -I../.. ../../tests/filesys/base/sm-random.ck tests/filesys/base/sm-random tests/filesys/base/sm-random.result
[31mFAIL tests/filesys/base/sm-random
[0mTest output failed to match any acceptable form.

Acceptable output:
  (sm-random) begin
  (sm-random) create "bazzle"
  (sm-random) open "bazzle"
  (sm-random) write "bazzle" in random order
  (sm-random) read "bazzle" in random order
  (sm-random) close "bazzle"
  (sm-random) end
Differences in `diff -u' format:
  (sm-random) begin
  (sm-random) create "bazzle"
- (sm-random) open "bazzle"
- (sm-random) write "bazzle" in random order
- (sm-random) read "bazzle" in random order
- (sm-random) close "bazzle"
- (sm-random) end

(Process exit codes are excluded for matching purposes.)
pintos -v -k -T 60 --qemu  --filesys-size=2 -p tests/filesys/base/sm-seq-block -a sm-seq-block -- -q  -f run sm-seq-block < /dev/null 2> tests/filesys/base/sm-seq-block.errors > tests/filesys/base/sm-seq-block.output
perl -I../.. ../../tests/filesys/base/sm-seq-block.ck tests/filesys/base/sm-seq-block tests/filesys/base/sm-seq-block.result
[31mFAIL tests/filesys/base/sm-seq-block
[0mTest output failed to match any acceptable form.

Acceptable output:
  (sm-seq-block) begin
  (sm-seq-block) create "noodle"
  (sm-seq-block) open "noodle"
  (sm-seq-block) writing "noodle"
  (sm-seq-block) close "noodle"
  (sm-seq-block) open "noodle" for verification
  (sm-seq-block) verified contents of "noodle"
  (sm-seq-block) close "noodle"
  (sm-seq-block) end
Differences in `diff -u' format:
  (sm-seq-block) begin
  (sm-seq-block) create "noodle"
- (sm-seq-block) open "noodle"
- (sm-seq-block) writing "noodle"
- (sm-seq-block) close "noodle"
- (sm-seq-block) open "noodle" for verification
- (sm-seq-block) verified contents of "noodle"
- (sm-seq-block) close "noodle"
- (sm-seq-block) end

(Process exit codes are excluded for matching purposes.)
pintos -v -k -T 60 --qemu  --filesys-size=2 -p tests/filesys/base/sm-seq-random -a sm-seq-random -- -q  -f run sm-seq-random < /dev/null 2> tests/filesys/base/sm-seq-random.errors > tests/filesys/base/sm-seq-random.output
perl -I../.. ../../tests/filesys/base/sm-seq-random.ck tests/filesys/base/sm-seq-random tests/filesys/base/sm-seq-random.result
[31mFAIL tests/filesys/base/sm-seq-random
[0mTest output failed to match any acceptable form.

Acceptable output:
  (sm-seq-random) begin
  (sm-seq-random) create "nibble"
  (sm-seq-random) open "nibble"
  (sm-seq-random) writing "nibble"
  (sm-seq-random) close "nibble"
  (sm-seq-random) open "nibble" for verification
  (sm-seq-random) verified contents of "nibble"
  (sm-seq-random) close "nibble"
  (sm-seq-random) end
Differences in `diff -u' format:
  (sm-seq-random) begin
  (sm-seq-random) create "nibble"
- (sm-seq-random) open "nibble"
- (sm-seq-random) writing "nibble"
- (sm-seq-random) close "nibble"
- (sm-seq-random) open "nibble" for verification
- (sm-seq-random) verified contents of "nibble"
- (sm-seq-random) close "nibble"
- (sm-seq-random) end

(Process exit codes are excluded for matching purposes.)
pintos -v -k -T 300 --qemu  --filesys-size=2 -p tests/filesys/base/syn-read -a syn-read -p tests/filesys/base/child-syn-read -a child-syn-read -- -q  -f run syn-read < /dev/null 2> tests/filesys/base/syn-read.errors > tests/filesys/base/syn-read.output
perl -I../.. ../../tests/filesys/base/syn-read.ck tests/filesys/base/syn-read tests/filesys/base/syn-read.result
[31mFAIL tests/filesys/base/syn-read
[0mTest output failed to match any acceptable form.

Acceptable output:
  (syn-read) begin
  (syn-read) create "data"
  (syn-read) open "data"
  (syn-read) write "data"
  (syn-read) close "data"
  (syn-read) exec child 1 of 10: "child-syn-read 0"
  (syn-read) exec child 2 of 10: "child-syn-read 1"
  (syn-read) exec child 3 of 10: "child-syn-read 2"
  (syn-read) exec child 4 of 10: "child-syn-read 3"
  (syn-read) exec child 5 of 10: "child-syn-read 4"
  (syn-read) exec child 6 of 10: "child-syn-read 5"
  (syn-read) exec child 7 of 10: "child-syn-read 6"
  (syn-read) exec child 8 of 10: "child-syn-read 7"
  (syn-read) exec child 9 of 10: "child-syn-read 8"
  (syn-read) exec child 10 of 10: "child-syn-read 9"
  (syn-read) wait for child 1 of 10 returned 0 (expected 0)
  (syn-read) wait for child 2 of 10 returned 1 (expected 1)
  (syn-read) wait for child 3 of 10 returned 2 (expected 2)
  (syn-read) wait for child 4 of 10 returned 3 (expected 3)
  (syn-read) wait for child 5 of 10 returned 4 (expected 4)
  (syn-read) wait for child 6 of 10 returned 5 (expected 5)
  (syn-read) wait for child 7 of 10 returned 6 (expected 6)
  (syn-read) wait for child 8 of 10 returned 7 (expected 7)
  (syn-read) wait for child 9 of 10 returned 8 (expected 8)
  (syn-read) wait for child 10 of 10 returned 9 (expected 9)
  (syn-read) end
Differences in `diff -u' format:
  (syn-read) begin
  (syn-read) create "data"
- (syn-read) open "data"
- (syn-read) write "data"
- (syn-read) close "data"
- (syn-read) exec child 1 of 10: "child-syn-read 0"
- (syn-read) exec child 2 of 10: "child-syn-read 1"
- (syn-read) exec child 3 of 10: "child-syn-read 2"
- (syn-read) exec child 4 of 10: "child-syn-read 3"
- (syn-read) exec child 5 of 10: "child-syn-read 4"
- (syn-read) exec child 6 of 10: "child-syn-read 5"
- (syn-read) exec child 7 of 10: "child-syn-read 6"
- (syn-read) exec child 8 of 10: "child-syn-read 7"
- (syn-read) exec child 9 of 10: "child-syn-read 8"
- (syn-read) exec child 10 of 10: "child-syn-read 9"
- (syn-read) wait for child 1 of 10 returned 0 (expected 0)
- (syn-read) wait for child 2 of 10 returned 1 (expected 1)
- (syn-read) wait for child 3 of 10 returned 2 (expected 2)
- (syn-read) wait for child 4 of 10 returned 3 (expected 3)
- (syn-read) wait for child 5 of 10 returned 4 (expected 4)
- (syn-read) wait for child 6 of 10 returned 5 (expected 5)
- (syn-read) wait for child 7 of 10 returned 6 (expected 6)
- (syn-read) wait for child 8 of 10 returned 7 (expected 7)
- (syn-read) wait for child 9 of 10 returned 8 (expected 8)
- (syn-read) wait for child 10 of 10 returned 9 (expected 9)
- (syn-read) end

(Process exit codes are excluded for matching purposes.)
pintos -v -k -T 60 --qemu  --filesys-size=2 -p tests/filesys/base/syn-remove -a syn-remove -- -q  -f run syn-remove < /dev/null 2> tests/filesys/base/syn-remove.errors > tests/filesys/base/syn-remove.output
perl -I../.. ../../tests/filesys/base/syn-remove.ck tests/filesys/base/syn-remove tests/filesys/base/syn-remove.result
[31mFAIL tests/filesys/base/syn-remove
[0mTest output failed to match any acceptable form.

Acceptable output:
  (syn-remove) begin
  (syn-remove) create "deleteme"
  (syn-remove) open "deleteme"
  (syn-remove) remove "deleteme"
  (syn-remove) write "deleteme"
  (syn-remove) seek "deleteme" to 0
  (syn-remove) read "deleteme"
  (syn-remove) close "deleteme"
  (syn-remove) end
Differences in `diff -u' format:
  (syn-remove) begin
  (syn-remove) create "deleteme"
- (syn-remove) open "deleteme"
- (syn-remove) remove "deleteme"
- (syn-remove) write "deleteme"
- (syn-remove) seek "deleteme" to 0
- (syn-remove) read "deleteme"
- (syn-remove) close "deleteme"
- (syn-remove) end

(Process exit codes are excluded for matching purposes.)
pintos -v -k -T 60 --qemu  --filesys-size=2 -p tests/filesys/base/syn-write -a syn-write -p tests/filesys/base/child-syn-wrt -a child-syn-wrt -- -q  -f run syn-write < /dev/null 2> tests/filesys/base/syn-write.errors > tests/filesys/base/syn-write.output
perl -I../.. ../../tests/filesys/base/syn-write.ck tests/filesys/base/syn-write tests/filesys/base/syn-write.result
[31mFAIL tests/filesys/base/syn-write
[0mTest output failed to match any acceptable form.

Acceptable output:
  (syn-write) begin
  (syn-write) create "stuff"
  (syn-write) exec child 1 of 10: "child-syn-wrt 0"
  (syn-write) exec child 2 of 10: "child-syn-wrt 1"
  (syn-write) exec child 3 of 10: "child-syn-wrt 2"
  (syn-write) exec child 4 of 10: "child-syn-wrt 3"
  (syn-write) exec child 5 of 10: "child-syn-wrt 4"
  (syn-write) exec child 6 of 10: "child-syn-wrt 5"
  (syn-write) exec child 7 of 10: "child-syn-wrt 6"
  (syn-write) exec child 8 of 10: "child-syn-wrt 7"
  (syn-write) exec child 9 of 10: "child-syn-wrt 8"
  (syn-write) exec child 10 of 10: "child-syn-wrt 9"
  (syn-write) wait for child 1 of 10 returned 0 (expected 0)
  (syn-write) wait for child 2 of 10 returned 1 (expected 1)
  (syn-write) wait for child 3 of 10 returned 2 (expected 2)
  (syn-write) wait for child 4 of 10 returned 3 (expected 3)
  (syn-write) wait for child 5 of 10 returned 4 (expected 4)
  (syn-write) wait for child 6 of 10 returned 5 (expected 5)
  (syn-write) wait for child 7 of 10 returned 6 (expected 6)
  (syn-write) wait for child 8 of 10 returned 7 (expected 7)
  (syn-write) wait for child 9 of 10 returned 8 (expected 8)
  (syn-write) wait for child 10 of 10 returned 9 (expected 9)
  (syn-write) open "stuff"
  (syn-write) read "stuff"
  (syn-write) end
Differences in `diff -u' format:
  (syn-write) begin
  (syn-write) create "stuff"
- (syn-write) exec child 1 of 10: "child-syn-wrt 0"
- (syn-write) exec child 2 of 10: "child-syn-wrt 1"
- (syn-write) exec child 3 of 10: "child-syn-wrt 2"
- (syn-write) exec child 4 of 10: "child-syn-wrt 3"
- (syn-write) exec child 5 of 10: "child-syn-wrt 4"
- (syn-write) exec child 6 of 10: "child-syn-wrt 5"
- (syn-write) exec child 7 of 10: "child-syn-wrt 6"
- (syn-write) exec child 8 of 10: "child-syn-wrt 7"
- (syn-write) exec child 9 of 10: "child-syn-wrt 8"
- (syn-write) exec child 10 of 10: "child-syn-wrt 9"
- (syn-write) wait for child 1 of 10 returned 0 (expected 0)
- (syn-write) wait for child 2 of 10 returned 1 (expected 1)
- (syn-write) wait for child 3 of 10 returned 2 (expected 2)
- (syn-write) wait for child 4 of 10 returned 3 (expected 3)
- (syn-write) wait for child 5 of 10 returned 4 (expected 4)
- (syn-write) wait for child 6 of 10 returned 5 (expected 5)
- (syn-write) wait for child 7 of 10 returned 6 (expected 6)
- (syn-write) wait for child 8 of 10 returned 7 (expected 7)
- (syn-write) wait for child 9 of 10 returned 8 (expected 8)
- (syn-write) wait for child 10 of 10 returned 9 (expected 9)
- (syn-write) open "stuff"
- (syn-write) read "stuff"
- (syn-write) end

(Process exit codes are excluded for matching purposes.)
pass tests/userprog/args-none
pass tests/userprog/args-single
pass tests/userprog/args-multiple
pass tests/userprog/args-many
pass tests/userprog/args-dbl-space
pass tests/userprog/sc-bad-sp
pass tests/userprog/sc-bad-arg
pass tests/userprog/sc-boundary
pass tests/userprog/sc-boundary-2
pass tests/userprog/sc-boundary-3
pass tests/userprog/halt
pass tests/userprog/exit
FAIL tests/userprog/create-normal
FAIL tests/userprog/create-empty
pass tests/userprog/create-null
pass tests/userprog/create-bad-ptr
FAIL tests/userprog/create-long
FAIL tests/userprog/create-exists
FAIL tests/userprog/create-bound
FAIL tests/userprog/open-normal
pass tests/userprog/open-missing
FAIL tests/userprog/open-boundary
pass tests/userprog/open-empty
pass tests/userprog/open-null
pass tests/userprog/open-bad-ptr
FAIL tests/userprog/open-twice
FAIL tests/userprog/close-normal
FAIL tests/userprog/close-twice
pass tests/userprog/close-stdin
pass tests/userprog/close-stdout
pass tests/userprog/close-bad-fd
FAIL tests/userprog/read-normal
FAIL tests/userprog/read-bad-ptr
FAIL tests/userprog/read-boundary
FAIL tests/userprog/read-zero
pass tests/userprog/read-stdout
pass tests/userprog/read-bad-fd
FAIL tests/userprog/write-normal
FAIL tests/userprog/write-bad-ptr
FAIL tests/userprog/write-boundary
FAIL tests/userprog/write-zero
pass tests/userprog/write-stdin
pass tests/userprog/write-bad-fd
FAIL tests/userprog/exec-once
FAIL tests/userprog/exec-arg
FAIL tests/userprog/exec-bound
pass tests/userprog/exec-bound-2
pass tests/userprog/exec-bound-3
FAIL tests/userprog/exec-multiple
FAIL tests/userprog/exec-missing
pass tests/userprog/exec-bad-ptr
FAIL tests/userprog/wait-simple
FAIL tests/userprog/wait-twice
FAIL tests/userprog/wait-killed
pass tests/userprog/wait-bad-pid
FAIL tests/userprog/multi-recurse
FAIL tests/userprog/multi-child-fd
FAIL tests/userprog/rox-simple
FAIL tests/userprog/rox-child
FAIL tests/userprog/rox-multichild
pass tests/userprog/bad-read
pass tests/userprog/bad-write
pass tests/userprog/bad-read2
pass tests/userprog/bad-write2
pass tests/userprog/bad-jump
pass tests/userprog/bad-jump2
FAIL tests/userprog/no-vm/multi-oom
FAIL tests/filesys/base/lg-create
FAIL tests/filesys/base/lg-full
FAIL tests/filesys/base/lg-random
FAIL tests/filesys/base/lg-seq-block
FAIL tests/filesys/base/lg-seq-random
FAIL tests/filesys/base/sm-create
FAIL tests/filesys/base/sm-full
FAIL tests/filesys/base/sm-random
FAIL tests/filesys/base/sm-seq-block
FAIL tests/filesys/base/sm-seq-random
FAIL tests/filesys/base/syn-read
FAIL tests/filesys/base/syn-remove
FAIL tests/filesys/base/syn-write
45 of 80 tests failed.
